2014-11-21T14:27:29.828-0300 [initandlisten] MongoDB starting : pid=540 port=27017 dbpath=C:\Documents and Settings\pab\My Documents\GitHub\clinical-database-tests\data\mongodb 32-bit host=virtual-trabajo
2014-11-21T14:27:29.828-0300 [initandlisten] 
2014-11-21T14:27:29.828-0300 [initandlisten] ** NOTE: This is a 32 bit MongoDB binary.
2014-11-21T14:27:29.828-0300 [initandlisten] **       32 bit builds are limited to less than 2GB of data (or less with --journal).
2014-11-21T14:27:29.828-0300 [initandlisten] **       Note that journaling defaults to off for 32 bit and is currently off.
2014-11-21T14:27:29.828-0300 [initandlisten] **       See http://dochub.mongodb.org/core/32bit
2014-11-21T14:27:29.828-0300 [initandlisten] 
2014-11-21T14:27:29.828-0300 [initandlisten] ** NOTE: your operating system version does not support the method that MongoDB
2014-11-21T14:27:29.828-0300 [initandlisten] **       uses to detect impending page faults.
2014-11-21T14:27:29.828-0300 [initandlisten] **       This may result in slower performance for certain use cases
2014-11-21T14:27:29.828-0300 [initandlisten] 
2014-11-21T14:27:29.828-0300 [initandlisten] targetMinOS: Windows XP SP3
2014-11-21T14:27:29.828-0300 [initandlisten] db version v2.6.5
2014-11-21T14:27:29.828-0300 [initandlisten] git version: e99d4fcb4279c0279796f237aa92fe3b64560bf6
2014-11-21T14:27:29.828-0300 [initandlisten] build info: windows sys.getwindowsversion(major=6, minor=1, build=7601, platform=2, service_pack='Service Pack 1') BOOST_LIB_VERSION=1_49
2014-11-21T14:27:29.828-0300 [initandlisten] allocator: system
2014-11-21T14:27:29.828-0300 [initandlisten] options: { net: { http: { RESTInterfaceEnabled: true, enabled: true } }, storage: { dbPath: "C:\Documents and Settings\pab\My Documents\GitHub\clinical-database-tests\data\mongodb" }, systemLog: { destination: "file", path: "C:\Documents and Settings\pab\My Documents\GitHub\clinical-database-tests\log\mongodb.log" } }
2014-11-21T14:27:31.010-0300 [initandlisten] waiting for connections on port 27017
2014-11-21T14:27:31.040-0300 [websvr] admin web console waiting for connections on port 28017
2014-11-21T14:27:39.653-0300 [initandlisten] connection accepted from 127.0.0.1:1156 #1 (1 connection now open)
2014-11-21T14:27:39.673-0300 [conn1]  authenticate db: openehr { authenticate: 1, user: "user", nonce: "xxx", key: "xxx" }
2014-11-21T14:28:29.935-0300 [clientcursormon] mem (MB) res:78 virt:315
2014-11-21T14:28:29.935-0300 [clientcursormon]  mapped:240
2014-11-21T14:28:29.935-0300 [clientcursormon]  connections:1
2014-11-21T14:29:10.924-0300 [initandlisten] connection accepted from 127.0.0.1:1158 #2 (2 connections now open)
2014-11-21T14:29:10.924-0300 [conn2]  authenticate db: openehr { authenticate: 1, user: "user", nonce: "xxx", key: "xxx" }
2014-11-21T14:31:41.681-0300 [initandlisten] connection accepted from 127.0.0.1:1165 #3 (3 connections now open)
2014-11-21T14:31:41.681-0300 [conn3]  authenticate db: openehr { authenticate: 1, user: "user", nonce: "xxx", key: "xxx" }
2014-11-21T14:32:16.871-0300 [initandlisten] connection accepted from 127.0.0.1:1167 #4 (4 connections now open)
2014-11-21T14:32:16.871-0300 [conn4]  authenticate db: openehr { authenticate: 1, user: "user", nonce: "xxx", key: "xxx" }
2014-11-21T14:32:29.449-0300 [conn2] end connection 127.0.0.1:1158 (3 connections now open)
2014-11-21T14:32:29.449-0300 [conn1] end connection 127.0.0.1:1156 (2 connections now open)
2014-11-21T14:32:29.449-0300 [conn3] end connection 127.0.0.1:1165 (1 connection now open)
2014-11-21T14:32:29.449-0300 [conn4] end connection 127.0.0.1:1167 (0 connections now open)
2014-11-21T14:33:30.826-0300 [clientcursormon] mem (MB) res:2 virt:314
2014-11-21T14:33:30.826-0300 [clientcursormon]  mapped:240
2014-11-21T14:33:30.826-0300 [clientcursormon]  connections:0
2014-11-21T14:33:39.282-0300 Ctrl-C signal
2014-11-21T14:33:39.282-0300 [consoleTerminate] got CTRL_C_EVENT, will terminate after current cmd ends
2014-11-21T14:33:39.282-0300 [consoleTerminate] now exiting
2014-11-21T14:33:39.282-0300 [consoleTerminate] dbexit: 
2014-11-21T14:33:39.282-0300 [consoleTerminate] shutdown: going to close listening sockets...
2014-11-21T14:33:39.282-0300 [consoleTerminate] closing listening socket: 1604
2014-11-21T14:33:39.282-0300 [consoleTerminate] closing listening socket: 1704
2014-11-21T14:33:39.282-0300 [consoleTerminate] shutdown: going to flush diaglog...
2014-11-21T14:33:39.282-0300 [consoleTerminate] shutdown: going to close sockets...
2014-11-21T14:33:39.282-0300 [consoleTerminate] shutdown: waiting for fs preallocator...
2014-11-21T14:33:39.282-0300 [consoleTerminate] shutdown: closing all files...
2014-11-21T14:33:39.282-0300 [consoleTerminate] closeAllFiles() finished
2014-11-21T14:33:39.282-0300 [consoleTerminate] shutdown: removing fs lock...
2014-11-21T14:33:39.282-0300 [consoleTerminate] dbexit: really exiting now
